14/09/2020 10:15:24 pm	This log contains information about the import schema operation into project 'SSDT Datawarehouse' on computer 'KENSU' by user 'Mark Kenneth Suyat'.
14/09/2020 10:15:24 pm	Import of database schema has started.
14/09/2020 10:15:30 pm	Gathering database credentials
14/09/2020 10:15:30 pm	Gathering database options
14/09/2020 10:15:30 pm	Gathering users
14/09/2020 10:15:30 pm	Gathering roles
14/09/2020 10:15:30 pm	Gathering application roles
14/09/2020 10:15:30 pm	Gathering role memberships
14/09/2020 10:15:30 pm	Gathering filegroups
14/09/2020 10:15:30 pm	Gathering full-text catalogs
14/09/2020 10:15:30 pm	Gathering assemblies
14/09/2020 10:15:30 pm	Gathering certificates
14/09/2020 10:15:30 pm	Gathering asymmetric keys
14/09/2020 10:15:30 pm	Gathering symmetric keys
14/09/2020 10:15:30 pm	Gathering encrypted symmetric keys
14/09/2020 10:15:30 pm	Gathering schemas
14/09/2020 10:15:30 pm	Gathering XML schema collections
14/09/2020 10:15:30 pm	Gathering user-defined data types
14/09/2020 10:15:30 pm	Gathering user-defined types
14/09/2020 10:15:30 pm	Gathering table types
14/09/2020 10:15:30 pm	Gathering unique keys for table types
14/09/2020 10:15:30 pm	Gathering primary keys for table types
14/09/2020 10:15:30 pm	Gathering indexes for table types
14/09/2020 10:15:30 pm	Gathering check constraints for table types
14/09/2020 10:15:31 pm	Gathering default constraints for table types
14/09/2020 10:15:31 pm	Gathering partition functions
14/09/2020 10:15:31 pm	Gathering partition schemes
14/09/2020 10:15:31 pm	Gathering functions
14/09/2020 10:15:31 pm	Gathering encrypted functions
14/09/2020 10:15:31 pm	Gathering aggregates
14/09/2020 10:15:31 pm	Gathering procedures
14/09/2020 10:15:31 pm	Gathering encrypted procedures
14/09/2020 10:15:31 pm	Gathering tables
14/09/2020 10:15:31 pm	Gathering primary keys
14/09/2020 10:15:31 pm	Gathering unique constraints
14/09/2020 10:15:31 pm	Gathering foreign keys
14/09/2020 10:15:31 pm	Gathering default constraints
14/09/2020 10:15:31 pm	Gathering check constraints
14/09/2020 10:15:31 pm	Gathering views
14/09/2020 10:15:31 pm	Gathering encrypted views
14/09/2020 10:15:31 pm	Gathering indexes
14/09/2020 10:15:31 pm	Gathering statistics
14/09/2020 10:15:31 pm	Gathering full-text index stoplists
14/09/2020 10:15:31 pm	Gathering search property lists
14/09/2020 10:15:31 pm	Gathering search properties
14/09/2020 10:15:31 pm	Gathering full-text indexes
14/09/2020 10:15:31 pm	Gathering column store indexes
14/09/2020 10:15:31 pm	Gathering spatial indexes
14/09/2020 10:15:31 pm	Gathering XML indexes
14/09/2020 10:15:31 pm	Gathering Selective XML indexes
14/09/2020 10:15:31 pm	Gathering encrypted triggers
14/09/2020 10:15:31 pm	Gathering triggers
14/09/2020 10:15:31 pm	Gathering encrypted and clr ddl triggers
14/09/2020 10:15:31 pm	Gathering ddl triggers
14/09/2020 10:15:31 pm	Gathering synonyms
14/09/2020 10:15:31 pm	Gathering defaults
14/09/2020 10:15:31 pm	Gathering data constraint uddt bindings
14/09/2020 10:15:31 pm	Gathering rules
14/09/2020 10:15:31 pm	Gathering data constraint uddt bindings
14/09/2020 10:15:31 pm	Gathering message types
14/09/2020 10:15:31 pm	Gathering queues
14/09/2020 10:15:31 pm	Gathering contracts
14/09/2020 10:15:31 pm	Gathering services
14/09/2020 10:15:31 pm	Gathering event notifications
14/09/2020 10:15:31 pm	Gathering remote service bindings
14/09/2020 10:15:31 pm	Gathering broker priorities
14/09/2020 10:15:31 pm	Gathering signatures
14/09/2020 10:15:31 pm	Gathering data compression options
14/09/2020 10:15:31 pm	Gathering sequence types
14/09/2020 10:15:31 pm	Gathering security policies
14/09/2020 10:15:31 pm	Gather column encryption keys
14/09/2020 10:15:31 pm	Gathering column master keys
14/09/2020 10:15:31 pm	Gathering external data sources
14/09/2020 10:15:31 pm	Gathering external file formats
14/09/2020 10:15:31 pm	Gathering external tables
14/09/2020 10:15:31 pm	Gathering extended properties
14/09/2020 10:15:32 pm	Gathering credentials
14/09/2020 10:15:32 pm	Gathering logins
14/09/2020 10:15:32 pm	Gathering server audits
14/09/2020 10:15:33 pm	Scanning project for duplicate elements
14/09/2020 10:15:33 pm	Finished duplicate element processing
14/09/2020 10:15:35 pm	Finished importing database.
14/09/2020 10:15:35 pm	A summary of the import was saved to the following location: D:\GitHubRepo\KENSU MS Business Intelligence Project\SSDT Datawarehouse\Import Schema Logs\SSDT Datawarehouse_20200914021524.log
14/09/2020 10:15:35 pm	Click Finish to continue...
